c:\users\idea\desktop\结对项目\dllwork\debug\dllwork.pch
c:\users\idea\desktop\结对项目\dllwork\debug\dllwork.pdb
c:\users\idea\desktop\结对项目\dllwork\debug\dllwork.idb
c:\users\idea\desktop\结对项目\dllwork\debug\pch.obj
c:\users\idea\desktop\结对项目\dllwork\debug\vc142.pdb
c:\users\idea\desktop\结对项目\dllwork\debug\vc142.idb
c:\users\idea\desktop\结对项目\dllwork\debug\dllmain.obj
c:\users\idea\desktop\结对项目\dllwork\debug\dllwork.lib
c:\users\idea\desktop\结对项目\dllwork\debug\dllwork.exp
c:\users\idea\desktop\结对项目\dllwork\debug\dllwork.dll
c:\users\idea\desktop\结对项目\dllwork\debug\dllwork.ilk
c:\users\idea\desktop\结对项目\dllwork\debug\dllwork.tlog\cl.command.1.tlog
c:\users\idea\desktop\结对项目\dllwork\debug\dllwork.tlog\cl.read.1.tlog
c:\users\idea\desktop\结对项目\dllwork\debug\dllwork.tlog\cl.write.1.tlog
c:\users\idea\desktop\结对项目\dllwork\debug\dllwork.tlog\dllwork.write.1u.tlog
c:\users\idea\desktop\结对项目\dllwork\debug\dllwork.tlog\lib-link.read.1.tlog
c:\users\idea\desktop\结对项目\dllwork\debug\dllwork.tlog\lib-link.write.1.tlog
c:\users\idea\desktop\结对项目\dllwork\debug\dllwork.tlog\lib.command.1.tlog
c:\users\idea\desktop\结对项目\dllwork\debug\dllwork.tlog\link.19008.delete.1.tlog
c:\users\idea\desktop\结对项目\dllwork\debug\dllwork.tlog\link.command.1.tlog
c:\users\idea\desktop\结对项目\dllwork\debug\dllwork.tlog\link.read.1.tlog
c:\users\idea\desktop\结对项目\dllwork\debug\dllwork.tlog\link.write.1.tlog
